C51 COMPILER V6.12  KEYPAD                                                                 06/13/2021 20:49:07 PAGE 1   


C51 COMPILER V6.12, COMPILATION OF MODULE KEYPAD
OBJECT MODULE PLACED IN .\Keypad.obj
COMPILER INVOKED BY: C:\Keil\C51\BIN\C51.EXE ..\Downloads\C FILES\Keypad.c DEBUG OBJECTEXTEND PRINT(.\Keypad.lst) OBJECT
                    -(.\Keypad.obj) 

stmt level    source

   1          #include <reg51.h>
   2          
   3          sbit R0 = P1^0;                 //Port 1 of Atmel 89C51.            
   4          sbit R1 = P1^1;                 //Assigning variables to pins for accessing.
   5          sbit R2 = P1^2;
   6          sbit R3 = P1^3;
   7          sbit C0 = P1^4;
   8          sbit C1 = P1^5;
   9          sbit C2 = P1^6;
  10          
  11          sbit X0 = P2^0;                  //Port 2 of Atmel 89C51.            
  12          sbit X1 = P2^1;
  13          sbit X2 = P2^2;
  14          sbit X3 = P2^3;
  15          sbit Y0 = P2^4;
  16          sbit Y1 = P2^5;
  17          sbit Y2 = P2^6;
  18          
  19          sbit U0 = P3^0;                  //Port 3 of Atmel 89C51.            
  20          sbit U1 = P3^1;
  21          sbit U2 = P3^2;
  22          sbit U3 = P3^3;
  23          sbit V0 = P3^4;
  24          sbit V1 = P3^5;
  25          sbit V2 = P3^6;
  26          
  27          void main (void)
  28          {
  29   1      	P1 = 0xFF;      //Port 1 pins initialized FFFFh (1111 1111 1111 1111) for Input.            
  30   1      	P2 = 0x00;      //Port 2 pins initialized 0000h (0000 0000 0000 0000) for Output to Servo Motors.
  31   1      	P3 = 0x00;      //Port 3 pins initialized 0000h (0000 0000 0000 0000) for Output to LCD.
  32   1      	
  33   1      	R1 = R2 = R3 = 1;
  34   1      	R0 = 0;
  35   1      	if (C0 == 0)       //If 1 is pressed.      
  36   1      	{
  37   2      		X0 = 1;
  38   2      		Y0 = 1;
  39   2      		U0 = 1;
  40   2      		V0 = 1;
  41   2      	}
  42   1      	else if (C1 == 0)   //If 2 is presssed. 
  43   1      	{
  44   2      		X0 = 1;
  45   2      		Y1 = 1;
  46   2      		U0 = 1;
  47   2      		V1 = 1;
  48   2      	}
  49   1      	else if (C2 == 0)   //If 3 is pressed.   
  50   1      	{
  51   2      		X0 = 1;
  52   2      		Y2 = 1;
  53   2      		U0 = 1;
  54   2      		V2 = 1;
C51 COMPILER V6.12  KEYPAD                                                                 06/13/2021 20:49:07 PAGE 2   

  55   2      	}
  56   1      
  57   1      	R0 = R2 = R3 = 1;
  58   1      	R1 = 0;
  59   1      	if (C0 == 0)         //If 4 is pressed.     
  60   1      	{
  61   2      		X1 = 1;
  62   2      		Y0 = 1;
  63   2      		U1 = 1;
  64   2      		V0 = 1;
  65   2      	}
  66   1      	else if (C1 == 0)    //If 5 is pressed.   
  67   1      	{
  68   2      		X1 = 1;
  69   2      		Y1 = 1;
  70   2      		U1 = 1;
  71   2      		V1 = 1;
  72   2      	}
  73   1      	else if (C2 == 0)    //If 6 is pressed.
  74   1      	{
  75   2      		X1 = 1;
  76   2      		Y2 = 1;
  77   2      		U1 = 1;
  78   2      		V2 = 1;
  79   2      	}
  80   1      	
  81   1      	R0 = R1 = R3 = 1;
  82   1      	R2 = 0;
  83   1      	if (C0 == 0)         //If 7 is pressed.        
  84   1      	{
  85   2      		X2 = 1;
  86   2      		Y0 = 1;
  87   2      		U2 = 1;
  88   2      		V0 = 1;
  89   2      	}
  90   1      	else if (C1 == 0)    //If 8 is pressed. 
  91   1      	{
  92   2      		X2 = 1;
  93   2      		Y1 = 1;
  94   2      		U2 = 1;
  95   2      		V1 = 1;
  96   2      	}
  97   1      	else if (C2 == 0)    //If 9 is pressed.
  98   1      	{
  99   2      		X2 = 1;
 100   2      		Y2 = 1;
 101   2      		U2 = 1;
 102   2      		V2 = 1;
 103   2      	}
 104   1      
 105   1      	R0 = R1 = R2 = 1;
 106   1      	R3 = 0;
 107   1      	if (C0 == 0)        //If * is pressed.       
 108   1      	{
 109   2      		X3 = 1;
 110   2      		Y0 = 1;
 111   2      		U3 = 1;
 112   2      		V0 = 1;
 113   2      	}
 114   1      	else if (C1 == 0)   //If 0 is pressed.  
 115   1      	{
 116   2      		X3 = 1;
C51 COMPILER V6.12  KEYPAD                                                                 06/13/2021 20:49:07 PAGE 3   

 117   2      		Y1 = 1;
 118   2      		U3 = 1;
 119   2      		V1 = 1;
 120   2      	}
 121   1      	else if (C2 == 0)   //If # is pressed.
 122   1      	{
 123   2      		X3 = 1;
 124   2      		Y2 = 1;
 125   2      		U3 = 1;
 126   2      		V2 = 1;
 127   2      	}
 128   1      }


MODULE INFORMATION:   STATIC OVERLAYABLE
   CODE SIZE        =    187    ----
   CONSTANT SIZE    =   ----    ----
   XDATA SIZE       =   ----    ----
   PDATA SIZE       =   ----    ----
   DATA SIZE        =   ----    ----
   IDATA SIZE       =   ----    ----
   BIT SIZE         =   ----    ----
END OF MODULE INFORMATION.


C51 COMPILATION COMPLETE.  0 WARNING(S),  0 ERROR(S)
